[debug] [2025-01-31T08:25:06.782Z] ----------------------------------------------------------------------
[debug] [2025-01-31T08:25:06.785Z] Command:       C:\Program Files\nodejs\node.exe C:\Users\Liyander\AppData\Roaming\npm\node_modules\firebase-tools\lib\bin\firebase.js init hosting
[debug] [2025-01-31T08:25:06.786Z] CLI Version:   13.29.3
[debug] [2025-01-31T08:25:06.786Z] Platform:      win32
[debug] [2025-01-31T08:25:06.786Z] Node Version:  v21.6.2
[debug] [2025-01-31T08:25:06.786Z] Time:          Fri Jan 31 2025 13:55:06 GMT+0530 (India Standard Time)
[debug] [2025-01-31T08:25:06.787Z] ----------------------------------------------------------------------
[debug] 
[debug] [2025-01-31T08:25:06.972Z] > command requires scopes: ["email","openid","https://www.googleapis.com/auth/cloudplatformprojects.readonly","https://www.googleapis.com/auth/firebase","https://www.googleapis.com/auth/cloud-platform"]
[debug] [2025-01-31T08:25:06.973Z] > authorizing via signed-in user (missionuniverse07@gmail.com)
[info] 
     ######## #### ########  ######## ########     ###     ######  ########
     ##        ##  ##     ## ##       ##     ##  ##   ##  ##       ##
     ######    ##  ########  ######   ########  #########  ######  ######
     ##        ##  ##    ##  ##       ##     ## ##     ##       ## ##
     ##       #### ##     ## ######## ########  ##     ##  ######  ########

You're about to initialize a Firebase project in this directory:

  C:\Users\Liyander

Before we get started, keep in mind:

  * You are initializing within an existing Firebase project directory

[info] 
=== Project Setup
[info] 
[info] First, let's associate this project directory with a Firebase project.
[info] You can create multiple project aliases by running firebase use --add, 
[info] but for now we'll just set up a default project.
[info] 
[debug] [2025-01-31T08:25:12.609Z] Using project from CLI flag: cyberghost-portfolio
[debug] [2025-01-31T08:25:12.611Z] Checked if tokens are valid: true, expires at: 1738314397583
[debug] [2025-01-31T08:25:12.611Z] Checked if tokens are valid: true, expires at: 1738314397583
[debug] [2025-01-31T08:25:12.612Z] >>> [apiv2][query] GET https://firebase.googleapis.com/v1beta1/projects/cyberghost-portfolio [none]
[debug] [2025-01-31T08:25:13.196Z] <<< [apiv2][status] GET https://firebase.googleapis.com/v1beta1/projects/cyberghost-portfolio 200
[debug] [2025-01-31T08:25:13.196Z] <<< [apiv2][body] GET https://firebase.googleapis.com/v1beta1/projects/cyberghost-portfolio {"projectId":"cyberghost-portfolio","projectNumber":"435910545762","displayName":"cyberghost-portfolio","name":"projects/cyberghost-portfolio","resources":{"hostingSite":"cyberghost-portfolio"},"state":"ACTIVE","etag":"1_0aab25bf-2124-4fe9-9763-325875f92d69"}
[info] i  Using project cyberghost-portfolio (cyberghost-portfolio) 
[info] 
=== Hosting Setup
[debug] [2025-01-31T08:25:13.211Z] Checked if tokens are valid: true, expires at: 1738314397583
[debug] [2025-01-31T08:25:13.211Z] Checked if tokens are valid: true, expires at: 1738314397583
[debug] [2025-01-31T08:25:13.211Z] >>> [apiv2][query] GET https://firebase.googleapis.com/v1beta1/projects/cyberghost-portfolio [none]
[debug] [2025-01-31T08:25:13.579Z] <<< [apiv2][status] GET https://firebase.googleapis.com/v1beta1/projects/cyberghost-portfolio 200
[debug] [2025-01-31T08:25:13.580Z] <<< [apiv2][body] GET https://firebase.googleapis.com/v1beta1/projects/cyberghost-portfolio {"projectId":"cyberghost-portfolio","projectNumber":"435910545762","displayName":"cyberghost-portfolio","name":"projects/cyberghost-portfolio","resources":{"hostingSite":"cyberghost-portfolio"},"state":"ACTIVE","etag":"1_0aab25bf-2124-4fe9-9763-325875f92d69"}
[info] 
[info] Your public directory is the folder (relative to your project directory) that
[info] will contain Hosting assets to be uploaded with firebase deploy. If you
[info] have a build process for your assets, use your build's output directory.
[info] 
